>>node foo:BB_0
  %3 = alloca i32, align 4
  %4 = alloca i32, align 4
  %5 = alloca i32, align 4
  %6 = alloca i32, align 4
  %7 = alloca i32, align 4
  store i32 %0, ptr %4, align 4
  store i32 %1, ptr %5, align 4
  %8 = load i32, ptr %4, align 4
  %9 = load i32, ptr %5, align 4
  %10 = icmp sgt i32 %8, %9
  br i1 %10, label %11, label %13

>>node foo:BB_1
  store i32 10, ptr %6, align 4
  %12 = load i32, ptr %6, align 4
  store i32 %12, ptr %3, align 4
  br label %21

>>node foo:BB_2
  %14 = load i32, ptr %4, align 4
  %15 = load i32, ptr %5, align 4
  %16 = icmp slt i32 %14, %15
  br i1 %16, label %17, label %19

>>node foo:BB_3
  store i32 300, ptr %7, align 4
  %18 = load i32, ptr %7, align 4
  store i32 %18, ptr %3, align 4
  br label %21

>>node foo:BB_4
  br label %20

>>node foo:BB_5
  store i32 1009, ptr %3, align 4
  br label %21

>>node foo:BB_6
  %22 = load i32, ptr %3, align 4
  ret i32 %22

>>edge foo:BB_0 foo:BB_1
>>edge foo:BB_0 foo:BB_2
>>edge foo:BB_1 foo:BB_6
>>edge foo:BB_2 foo:BB_3
>>edge foo:BB_2 foo:BB_4
>>edge foo:BB_3 foo:BB_6
>>edge foo:BB_4 foo:BB_5
>>edge foo:BB_5 foo:BB_6
>>nodeinfo foo:BB_0 IN State
%0 : [-2147483648,2147483647]
%1 : [-2147483648,2147483647]

>>nodeinfo foo:BB_0 OUT State
%0 : [-2147483648,2147483647]
%1 : [-2147483648,2147483647]
%3 : [-2147483648,2147483647]
%4 : [-2147483648,2147483647]
%5 : [-2147483648,2147483647]
%6 : [-2147483648,2147483647]
%7 : [-2147483648,2147483647]

>>edgeinfo foo:BB_0 foo:BB_1 Merging state
%0 : [-2147483648,2147483647]
%1 : [-2147483648,2147483647]
%3 : [-2147483648,2147483647]
%4 : [-2147483648,2147483647]
%5 : [-2147483648,2147483647]
%6 : [-2147483648,2147483647]
%7 : [-2147483648,2147483647]

>>nodeinfo foo:BB_1 IN State
%0 : [-2147483648,2147483647]
%1 : [-2147483648,2147483647]
%3 : [-2147483648,2147483647]
%4 : [-2147483648,2147483647]
%5 : [-2147483648,2147483647]
%6 : [-2147483648,2147483647]
%7 : [-2147483648,2147483647]

>>nodeinfo foo:BB_1 OUT State
%0 : [-2147483648,2147483647]
%1 : [-2147483648,2147483647]
%3 : [10,10]
%4 : [-2147483648,2147483647]
%5 : [-2147483648,2147483647]
%6 : [10,10]
%7 : [-2147483648,2147483647]

>>edgeinfo foo:BB_0 foo:BB_2 Merging state
%0 : [-2147483648,2147483647]
%1 : [-2147483648,2147483647]
%3 : [-2147483648,2147483647]
%4 : [-2147483648,2147483647]
%5 : [-2147483648,2147483647]
%6 : [-2147483648,2147483647]
%7 : [-2147483648,2147483647]

>>nodeinfo foo:BB_2 IN State
%0 : [-2147483648,2147483647]
%1 : [-2147483648,2147483647]
%3 : [-2147483648,2147483647]
%4 : [-2147483648,2147483647]
%5 : [-2147483648,2147483647]
%6 : [-2147483648,2147483647]
%7 : [-2147483648,2147483647]

>>nodeinfo foo:BB_2 OUT State
%0 : [-2147483648,2147483647]
%1 : [-2147483648,2147483647]
%3 : [-2147483648,2147483647]
%4 : [-2147483648,2147483647]
%5 : [-2147483648,2147483647]
%6 : [-2147483648,2147483647]
%7 : [-2147483648,2147483647]

>>edgeinfo foo:BB_2 foo:BB_3 Merging state
%0 : [-2147483648,2147483647]
%1 : [-2147483648,2147483647]
%3 : [-2147483648,2147483647]
%4 : [-2147483648,2147483647]
%5 : [-2147483648,2147483647]
%6 : [-2147483648,2147483647]
%7 : [-2147483648,2147483647]

>>nodeinfo foo:BB_3 IN State
%0 : [-2147483648,2147483647]
%1 : [-2147483648,2147483647]
%3 : [-2147483648,2147483647]
%4 : [-2147483648,2147483647]
%5 : [-2147483648,2147483647]
%6 : [-2147483648,2147483647]
%7 : [-2147483648,2147483647]

>>nodeinfo foo:BB_3 OUT State
%0 : [-2147483648,2147483647]
%1 : [-2147483648,2147483647]
%3 : [300,300]
%4 : [-2147483648,2147483647]
%5 : [-2147483648,2147483647]
%6 : [-2147483648,2147483647]
%7 : [300,300]

>>edgeinfo foo:BB_2 foo:BB_4 Merging state
%0 : [-2147483648,2147483647]
%1 : [-2147483648,2147483647]
%3 : [-2147483648,2147483647]
%4 : [-2147483648,2147483647]
%5 : [-2147483648,2147483647]
%6 : [-2147483648,2147483647]
%7 : [-2147483648,2147483647]

>>nodeinfo foo:BB_4 IN State
%0 : [-2147483648,2147483647]
%1 : [-2147483648,2147483647]
%3 : [-2147483648,2147483647]
%4 : [-2147483648,2147483647]
%5 : [-2147483648,2147483647]
%6 : [-2147483648,2147483647]
%7 : [-2147483648,2147483647]

>>nodeinfo foo:BB_4 OUT State
%0 : [-2147483648,2147483647]
%1 : [-2147483648,2147483647]
%3 : [-2147483648,2147483647]
%4 : [-2147483648,2147483647]
%5 : [-2147483648,2147483647]
%6 : [-2147483648,2147483647]
%7 : [-2147483648,2147483647]

>>edgeinfo foo:BB_4 foo:BB_5 Merging state
%0 : [-2147483648,2147483647]
%1 : [-2147483648,2147483647]
%3 : [-2147483648,2147483647]
%4 : [-2147483648,2147483647]
%5 : [-2147483648,2147483647]
%6 : [-2147483648,2147483647]
%7 : [-2147483648,2147483647]

>>nodeinfo foo:BB_5 IN State
%0 : [-2147483648,2147483647]
%1 : [-2147483648,2147483647]
%3 : [-2147483648,2147483647]
%4 : [-2147483648,2147483647]
%5 : [-2147483648,2147483647]
%6 : [-2147483648,2147483647]
%7 : [-2147483648,2147483647]

>>nodeinfo foo:BB_5 OUT State
%0 : [-2147483648,2147483647]
%1 : [-2147483648,2147483647]
%3 : [1009,1009]
%4 : [-2147483648,2147483647]
%5 : [-2147483648,2147483647]
%6 : [-2147483648,2147483647]
%7 : [-2147483648,2147483647]

>>edgeinfo foo:BB_5 foo:BB_6 Merging state
%0 : [-2147483648,2147483647]
%1 : [-2147483648,2147483647]
%3 : [1009,1009]
%4 : [-2147483648,2147483647]
%5 : [-2147483648,2147483647]
%6 : [-2147483648,2147483647]
%7 : [-2147483648,2147483647]

>>edgeinfo foo:BB_3 foo:BB_6 Merging state
%0 : [-2147483648,2147483647]
%1 : [-2147483648,2147483647]
%3 : [300,300]
%4 : [-2147483648,2147483647]
%5 : [-2147483648,2147483647]
%6 : [-2147483648,2147483647]
%7 : [300,300]

>>edgeinfo foo:BB_1 foo:BB_6 Merging state
%0 : [-2147483648,2147483647]
%1 : [-2147483648,2147483647]
%3 : [10,10]
%4 : [-2147483648,2147483647]
%5 : [-2147483648,2147483647]
%6 : [10,10]
%7 : [-2147483648,2147483647]

>>nodeinfo foo:BB_6 IN State
%0 : [-2147483648,2147483647]
%1 : [-2147483648,2147483647]
%3 : [10,1009]
%4 : [-2147483648,2147483647]
%5 : [-2147483648,2147483647]
%6 : [-2147483648,2147483647]
%7 : [-2147483648,2147483647]

>>nodeinfo foo:BB_6 OUT State
%0 : [-2147483648,2147483647]
%1 : [-2147483648,2147483647]
%3 : [10,1009]
%4 : [-2147483648,2147483647]
%5 : [-2147483648,2147483647]
%6 : [-2147483648,2147483647]
%7 : [-2147483648,2147483647]

>>node main:BB_7
  %1 = alloca i32, align 4
  %2 = alloca i32, align 4
  %3 = alloca i32, align 4
  store i32 0, ptr %1, align 4
  store i32 100, ptr %2, align 4
  store i32 492, ptr %3, align 4
  %4 = load i32, ptr %2, align 4
  %5 = icmp slt i32 %4, 1009
  br i1 %5, label %6, label %12

>>node main:BB_8
  %7 = load i32, ptr %2, align 4
  %8 = load i32, ptr %3, align 4
  %9 = call i32 @foo(i32 noundef %7, i32 noundef %8)
  %10 = load i32, ptr %2, align 4
  %11 = add nsw i32 %10, %9
  store i32 %11, ptr %2, align 4
  br label %20

>>node main:BB_9
  %13 = load i32, ptr %2, align 4
  %14 = icmp sgt i32 %13, 1009
  br i1 %14, label %15, label %19

>>node main:BB_10
  %16 = load i32, ptr %3, align 4
  %17 = load i32, ptr %3, align 4
  %18 = call i32 @foo(i32 noundef %16, i32 noundef %17)
  store i32 %18, ptr %2, align 4
  br label %19

>>node main:BB_11
  br label %20

>>node main:BB_12
  %21 = load i32, ptr %2, align 4
  %22 = load i32, ptr %3, align 4
  %23 = icmp sgt i32 %21, %22
  br i1 %23, label %24, label %28

>>node main:BB_13
  %25 = load i32, ptr %3, align 4
  %26 = load i32, ptr %3, align 4
  %27 = call i32 @foo(i32 noundef %25, i32 noundef %26)
  store i32 %27, ptr %3, align 4
  br label %37

>>node main:BB_14
  %29 = load i32, ptr %3, align 4
  %30 = load i32, ptr %2, align 4
  %31 = icmp sgt i32 %29, %30
  br i1 %31, label %32, label %36

>>node main:BB_15
  %33 = load i32, ptr %3, align 4
  %34 = load i32, ptr %2, align 4
  %35 = call i32 @foo(i32 noundef %33, i32 noundef %34)
  store i32 %35, ptr %3, align 4
  br label %36

>>node main:BB_16
  br label %37

>>node main:BB_17
  %38 = load i32, ptr %2, align 4
  %39 = load i32, ptr %3, align 4
  %40 = icmp eq i32 %38, %39
  br i1 %40, label %41, label %45

>>node main:BB_18
  %42 = load i32, ptr %2, align 4
  %43 = load i32, ptr %3, align 4
  %44 = call i32 (ptr, ...) @printf(ptr noundef @.str, i32 noundef %42, i32 noundef %43)
  br label %45

>>node main:BB_19
  ret i32 0

>>edge main:BB_7 main:BB_8
>>edge main:BB_7 main:BB_9
>>edge main:BB_8 main:BB_12
>>edge main:BB_9 main:BB_10
>>edge main:BB_9 main:BB_11
>>edge main:BB_10 main:BB_11
>>edge main:BB_11 main:BB_12
>>edge main:BB_12 main:BB_13
>>edge main:BB_12 main:BB_14
>>edge main:BB_13 main:BB_17
>>edge main:BB_14 main:BB_15
>>edge main:BB_14 main:BB_16
>>edge main:BB_15 main:BB_16
>>edge main:BB_16 main:BB_17
>>edge main:BB_17 main:BB_18
>>edge main:BB_17 main:BB_19
>>edge main:BB_18 main:BB_19
>>nodeinfo main:BB_7 IN State
(State is empty)
>>nodeinfo main:BB_7 OUT State
%1 : [0,0]
%2 : [100,100]
%3 : [492,492]

>>edgeinfo main:BB_7 main:BB_8 Merging state
%1 : [0,0]
%2 : [100,100]
%3 : [492,492]

>>edgeinfo main:BB_7 main:BB_8 Refined by condition
%1 : [0,0]
%2 : [100,100]
%3 : [492,492]

>>nodeinfo main:BB_8 IN State
%1 : [0,0]
%2 : [100,100]
%3 : [492,492]

>>nodeinfo main:BB_8 OUT State
%1 : [0,0]
%2 : [-2147483548,2147483647]
%3 : [492,492]
%11 : [-2147483548,2147483647]

>>edgeinfo main:BB_7 main:BB_9 Merging state
%1 : [0,0]
%2 : [100,100]
%3 : [492,492]

>>edgeinfo main:BB_7 main:BB_9 Refined by condition
%1 : [0,0]
%2 : [EMPTY]
%3 : [492,492]

>>nodeinfo main:BB_9 IN State
%1 : [0,0]
%2 : [EMPTY]
%3 : [492,492]

>>nodeinfo main:BB_9 OUT State
%1 : [0,0]
%2 : [EMPTY]
%3 : [492,492]

>>edgeinfo main:BB_9 main:BB_10 Merging state
%1 : [0,0]
%2 : [EMPTY]
%3 : [492,492]

>>edgeinfo main:BB_9 main:BB_10 Refined by condition
%1 : [0,0]
%2 : [EMPTY]
%3 : [492,492]

>>nodeinfo main:BB_10 IN State
%1 : [0,0]
%2 : [EMPTY]
%3 : [492,492]

>>nodeinfo main:BB_10 OUT State
%1 : [0,0]
%2 : [-2147483648,2147483647]
%3 : [492,492]

>>edgeinfo main:BB_10 main:BB_11 Merging state
%1 : [0,0]
%2 : [-2147483648,2147483647]
%3 : [492,492]

>>edgeinfo main:BB_9 main:BB_11 Merging state
%1 : [0,0]
%2 : [EMPTY]
%3 : [492,492]

>>edgeinfo main:BB_9 main:BB_11 Refined by condition
%1 : [0,0]
%2 : [EMPTY]
%3 : [492,492]

>>nodeinfo main:BB_11 IN State
%1 : [0,0]
%2 : [-2147483648,2147483647]
%3 : [492,492]

>>nodeinfo main:BB_11 OUT State
%1 : [0,0]
%2 : [-2147483648,2147483647]
%3 : [492,492]

>>edgeinfo main:BB_11 main:BB_12 Merging state
%1 : [0,0]
%2 : [-2147483648,2147483647]
%3 : [492,492]

>>edgeinfo main:BB_8 main:BB_12 Merging state
%1 : [0,0]
%2 : [-2147483548,2147483647]
%3 : [492,492]
%11 : [-2147483548,2147483647]

>>nodeinfo main:BB_12 IN State
%1 : [0,0]
%2 : [-2147483648,2147483647]
%3 : [492,492]
%11 : [-2147483548,2147483647]

>>nodeinfo main:BB_12 OUT State
%1 : [0,0]
%2 : [-2147483648,2147483647]
%3 : [492,492]
%11 : [-2147483548,2147483647]

>>edgeinfo main:BB_12 main:BB_13 Merging state
%1 : [0,0]
%2 : [-2147483648,2147483647]
%3 : [492,492]
%11 : [-2147483548,2147483647]

>>nodeinfo main:BB_13 IN State
%1 : [0,0]
%2 : [-2147483648,2147483647]
%3 : [492,492]
%11 : [-2147483548,2147483647]

>>nodeinfo main:BB_13 OUT State
%1 : [0,0]
%2 : [-2147483648,2147483647]
%3 : [-2147483648,2147483647]
%11 : [-2147483548,2147483647]

>>edgeinfo main:BB_12 main:BB_14 Merging state
%1 : [0,0]
%2 : [-2147483648,2147483647]
%3 : [492,492]
%11 : [-2147483548,2147483647]

>>nodeinfo main:BB_14 IN State
%1 : [0,0]
%2 : [-2147483648,2147483647]
%3 : [492,492]
%11 : [-2147483548,2147483647]

>>nodeinfo main:BB_14 OUT State
%1 : [0,0]
%2 : [-2147483648,2147483647]
%3 : [492,492]
%11 : [-2147483548,2147483647]

>>edgeinfo main:BB_14 main:BB_15 Merging state
%1 : [0,0]
%2 : [-2147483648,2147483647]
%3 : [492,492]
%11 : [-2147483548,2147483647]

>>nodeinfo main:BB_15 IN State
%1 : [0,0]
%2 : [-2147483648,2147483647]
%3 : [492,492]
%11 : [-2147483548,2147483647]

>>nodeinfo main:BB_15 OUT State
%1 : [0,0]
%2 : [-2147483648,2147483647]
%3 : [-2147483648,2147483647]
%11 : [-2147483548,2147483647]

>>edgeinfo main:BB_15 main:BB_16 Merging state
%1 : [0,0]
%2 : [-2147483648,2147483647]
%3 : [-2147483648,2147483647]
%11 : [-2147483548,2147483647]

>>edgeinfo main:BB_14 main:BB_16 Merging state
%1 : [0,0]
%2 : [-2147483648,2147483647]
%3 : [492,492]
%11 : [-2147483548,2147483647]

>>nodeinfo main:BB_16 IN State
%1 : [0,0]
%2 : [-2147483648,2147483647]
%3 : [-2147483648,2147483647]
%11 : [-2147483548,2147483647]

>>nodeinfo main:BB_16 OUT State
%1 : [0,0]
%2 : [-2147483648,2147483647]
%3 : [-2147483648,2147483647]
%11 : [-2147483548,2147483647]

>>edgeinfo main:BB_16 main:BB_17 Merging state
%1 : [0,0]
%2 : [-2147483648,2147483647]
%3 : [-2147483648,2147483647]
%11 : [-2147483548,2147483647]

>>edgeinfo main:BB_13 main:BB_17 Merging state
%1 : [0,0]
%2 : [-2147483648,2147483647]
%3 : [-2147483648,2147483647]
%11 : [-2147483548,2147483647]

>>nodeinfo main:BB_17 IN State
%1 : [0,0]
%2 : [-2147483648,2147483647]
%3 : [-2147483648,2147483647]
%11 : [-2147483548,2147483647]

>>nodeinfo main:BB_17 OUT State
%1 : [0,0]
%2 : [-2147483648,2147483647]
%3 : [-2147483648,2147483647]
%11 : [-2147483548,2147483647]

>>edgeinfo main:BB_17 main:BB_18 Merging state
%1 : [0,0]
%2 : [-2147483648,2147483647]
%3 : [-2147483648,2147483647]
%11 : [-2147483548,2147483647]

>>nodeinfo main:BB_18 IN State
%1 : [0,0]
%2 : [-2147483648,2147483647]
%3 : [-2147483648,2147483647]
%11 : [-2147483548,2147483647]

>>nodeinfo main:BB_18 OUT State
@.str : [-2147483648,2147483647]
%1 : [0,0]
%2 : [-2147483648,2147483647]
%3 : [-2147483648,2147483647]
%11 : [-2147483548,2147483647]

>>edgeinfo main:BB_18 main:BB_19 Merging state
@.str : [-2147483648,2147483647]
%1 : [0,0]
%2 : [-2147483648,2147483647]
%3 : [-2147483648,2147483647]
%11 : [-2147483548,2147483647]

>>edgeinfo main:BB_17 main:BB_19 Merging state
%1 : [0,0]
%2 : [-2147483648,2147483647]
%3 : [-2147483648,2147483647]
%11 : [-2147483548,2147483647]

>>nodeinfo main:BB_19 IN State
@.str : [-2147483648,2147483647]
%1 : [0,0]
%2 : [-2147483648,2147483647]
%3 : [-2147483648,2147483647]
%11 : [-2147483548,2147483647]

>>nodeinfo main:BB_19 OUT State
@.str : [-2147483648,2147483647]
%1 : [0,0]
%2 : [-2147483648,2147483647]
%3 : [-2147483648,2147483647]
%11 : [-2147483548,2147483647]

